Arguments: 
  C:\Program Files\nodejs\node.exe C:\Program Files (x86)\Yarn\bin\yarn.js add vue-router@4

PATH: 
  C:\Program Files\PowerShell\7;D:\Program Files (x86)\VMware\VMware Workstation\bin\;C:\Windows\system32;C:\Windows;C:\Windows\System32\Wbem;C:\Windows\System32\WindowsPowerShell\v1.0\;C:\Windows\System32\OpenSSH\;D:\Program Files\Microsoft VS Code\bin;C:\Program Files\PowerShell\7\;C:\Program Files\nodejs\;C:\Program Files (x86)\Yarn\bin\;C:\Program Files (x86)\dotnet\;C:\Program Files\Pandoc\;C:\Program Files\Git\cmd;C:\Program Files\dotnet\;C:\Users\shiqu\AppData\Local\Microsoft\WindowsApps;C:\Users\shiqu\AppData\Roaming\npm;C:\Users\shiqu\AppData\Local\Yarn\bin;C:\Users\shiqu\AppData\Local\GitHubDesktop\bin

Yarn version: 
  1.22.5

Node version: 
  14.16.1

Platform: 
  win32 x64

Trace: 
  Error: EPERM: operation not permitted, unlink 'E:\GitHub\vue-vite-js\node_modules\esbuild\esbuild.exe'

npm manifest: 
  {
    "name": "vue-vite-js",
    "version": "0.0.0",
    "scripts": {
      "dev": "cross-env NODE_ENV=development vite",
      "build": "vite build",
      "serve": "vite preview"
    },
    "dependencies": {
      "mockjs": "^1.1.0",
      "vue": "^3.0.5"
    },
    "devDependencies": {
      "@vitejs/plugin-vue": "^1.2.2",
      "@vue/compiler-sfc": "^3.0.5",
      "cross-env": "^7.0.3",
      "vite": "^2.3.4",
      "vite-plugin-mock": "^2.6.3"
    }
  }

yarn manifest: 
  No manifest

Lockfile: 
  No lockfile
